Warning detected by hpeesofsim in topology check during circuit set up.
    Number of nodes with no DC path to ground (topology corrected): 1


HB HB1[1] <MyLibrary1_lib:HB1TonePAE_Pswp:schematic>   RFpower=(0->32)
    Number of tones:   1.
    Number of frequencies:   6.
    Number of time samples:  32.
    Number of HB equations (HB problem size): 2552.
    Number of SS/noise equations (SS/noise problem size): 5104.
    Auto mode: on.
    Convergence mode: Auto.
    Linear solver: direct.
    RFpower=0              0.00% 1/27
------------------------------------------------------------------------------
Newton solver:					
Iter	KCL residual	Damp %	Sol update
------------------------------------------------------------------------------
0.0*	48.7969 mA  	100.0             
1.0 	1.53951 mA  	100.0             
1.1 	334.842 nA  	100.0             
1.2 	51.0632 pA  	100.0             
        Samanskii-Newton iteration failed
1.3*	41.3092 pA  	100.0	1.52288 nV   
.    RFpower=2.5            7.81% 2/27
0.0 	4.55328 A   	100.0             
0.1 	724.606 mA  	100.0             
0.2 	446.151 uA  	100.0             
0.3 	39.4907 uA  	100.0             
0.4 	52.1664 nA  	100.0             

.    RFpower=5             15.63% 3/27
0.0 	14.0878 mA  	100.0             
0.1 	4.58 mA     	100.0             
0.2 	363.514 uA  	100.0             
0.3 	2.06118 uA  	100.0             

.    RFpower=7.5           23.44% 4/27
0.0 	66.0142 mA  	100.0             
0.1 	20.907 mA   	100.0             
0.2 	2.86247 mA  	100.0             
0.3 	27.7007 uA  	100.0             
0.4 	661.274 nA  	100.0             

.    RFpower=10            31.25% 5/27
0.0 	24.4262 mA  	100.0             
0.1 	8.37614 mA  	100.0             
0.2 	109.802 uA  	100.0             
0.3 	3.75605 uA  	100.0             
0.4 	89.2359 nA  	100.0             

.    RFpower=11            34.38% 6/27
0.0 	7.11337 mA  	100.0             
0.1 	882.403 uA  	100.0             
0.2 	5.11281 uA  	100.0             
0.3 	111.864 nA  	100.0             

.    RFpower=12            37.50% 7/27
0.0 	9.09657 mA  	100.0             
0.1 	1.13832 mA  	100.0             
0.2 	9.47719 uA  	100.0             
0.3 	350.575 nA  	100.0             

.    RFpower=13            40.63% 8/27
0.0 	11.689 mA   	100.0             
0.1 	1.48179 mA  	100.0             
0.2 	28.1961 uA  	100.0             
0.3 	1.27728 uA  	100.0             

.    RFpower=14            43.75% 9/27
0.0 	15.1288 mA  	100.0             
0.1 	1.95387 mA  	100.0             
0.2 	77.9276 uA  	100.0             
0.3 	4.31814 uA  	100.0             

.    RFpower=15            46.88% 10/27
0.0 	20.132 mA   	100.0             
0.1 	2.83583 mA  	100.0             
0.2 	224.952 uA  	100.0             
0.3 	14.4182 uA  	100.0             
0.4 	838.753 nA  	100.0             

.    RFpower=16            50.00% 11/27
0.0 	29.6429 mA  	100.0             
0.1 	5.77176 mA  	100.0             
0.2 	663.594 uA  	100.0             
0.3 	51.4179 uA  	100.0             
0.4 	3.63334 uA  	100.0             

.    RFpower=17            53.13% 12/27
0.0 	57.7012 mA  	100.0             
0.1 	16.9783 mA  	100.0             
0.2 	2.1607 mA   	100.0             
0.3 	215.285 uA  	100.0             
0.4 	19.5248 uA  	100.0             
0.5 	1.67181 uA  	100.0             

.    RFpower=18            56.25% 13/27
0.0 	161.921 mA  	100.0             
0.1 	50.2967 mA  	100.0             
0.2 	7.99042 mA  	100.0             
0.3 	1.04499 mA  	100.0             
0.4 	123.086 uA  	100.0             
0.5 	13.3043 uA  	100.0             
0.6 	1.37031 uA  	100.0             

.    RFpower=19            59.38% 14/27
0.0 	226.722 mA  	100.0             
0.1 	46.741 mA   	100.0             
0.2 	4.9727 mA   	100.0             
0.3 	545.74 uA   	100.0             
0.4 	57.0424 uA  	100.0             
0.5 	5.48763 uA  	100.0             

.    RFpower=20            62.50% 15/27
0.0 	87.7097 mA  	100.0             
0.1 	15.7195 mA  	100.0             
0.2 	1.01006 mA  	100.0             
0.3 	53.2365 uA  	100.0             
0.4 	3.48285 uA  	100.0             

.    RFpower=21            65.63% 16/27
0.0 	107.479 mA  	100.0             
0.1 	14.0258 mA  	100.0             
0.2 	684.937 uA  	100.0             
0.3 	34.7734 uA  	100.0             
0.4 	1.9253 uA   	100.0             

.    RFpower=22            68.75% 17/27
0.0 	111.533 mA  	100.0             
0.1 	14.2416 mA  	100.0             
0.2 	368.771 uA  	100.0             
0.3 	13.0525 uA  	100.0             
0.4 	572.934 nA  	100.0             

.    RFpower=23            71.88% 18/27
0.0 	168.157 mA  	100.0             
0.1 	21.0751 mA  	100.0             
0.2 	721.071 uA  	100.0             
0.3 	23.2209 uA  	100.0             
0.4 	2.78128 uA  	100.0             

.    RFpower=24            75.00% 19/27
0.0 	211.69 mA   	100.0             
0.1 	16.1568 mA  	100.0             
0.2 	4.36707 mA  	100.0             
0.3 	1.11965 mA  	100.0             
0.4 	290.564 uA  	100.0             
0.5 	71.8408 uA  	100.0             
0.6 	17.1444 uA  	100.0             
0.7 	3.95141 uA  	100.0             
0.8 	870.361 nA  	100.0             

.    RFpower=25            78.13% 20/27
0.0 	260.213 mA  	100.0             
0.1 	50.5154 mA  	100.0             
0.2 	41.1812 mA  	100.0             
0.3 	21.1425 mA  	100.0             
0.4 	11.6067 mA  	100.0             
0.5 	5.55934 mA  	100.0             
0.6 	2.67149 mA  	100.0             
0.7 	1.2027 mA   	100.0             
0.8 	516.2 uA    	100.0             
0.9 	215.163 uA  	100.0             
0.10 	87.4983 uA  	100.0             
0.11 	33.9271 uA  	100.0             
0.12 	13.7243 uA  	100.0             
0.13 	7.24839 uA  	100.0             
0.14 	4.2274 uA   	100.0             
0.15 	2.56148 uA  	100.0             

.    RFpower=26            81.25% 21/27
0.0 	296.939 mA  	100.0             
0.1 	59.352 mA   	100.0             
0.2 	36.5069 mA  	100.0             
0.3 	18.9942 mA  	100.0             
0.4 	11.7526 mA  	100.0             
0.5 	6.48009 mA  	100.0             
0.6 	3.73608 mA  	100.0             
0.7 	2.05079 mA  	100.0             
0.8 	1.13024 mA  	100.0             
0.9 	602.144 uA  	100.0             
0.10 	316.321 uA  	100.0             
0.11 	162.51 uA   	100.0             
0.12 	83.6357 uA  	100.0             
0.13 	43.2048 uA  	100.0             
0.14 	22.2343 uA  	100.0             
0.15 	11.2801 uA  	100.0             
0.16 	5.76726 uA  	100.0             
0.17 	2.99008 uA  	100.0             
0.18 	1.51453 uA  	100.0             

.    RFpower=27            84.38% 22/27
0.0 	286.821 mA  	100.0             
0.1 	39.1757 mA  	100.0             
0.2 	28.4845 mA  	100.0             
0.3 	13.0638 mA  	100.0             
0.4 	7.22746 mA  	100.0             
0.5 	3.7122 mA   	100.0             
0.6 	2.00047 mA  	100.0             
0.7 	1.0405 mA   	100.0             
0.8 	540.939 uA  	100.0             
0.9 	289.615 uA  	100.0             
0.10 	153.626 uA  	100.0             
0.11 	82.2208 uA  	100.0             
0.12 	43.7226 uA  	100.0             
0.13 	23.593 uA   	100.0             
0.14 	12.6696 uA  	100.0             
0.15 	6.85512 uA  	100.0             
0.16 	3.64878 uA  	100.0             
0.17 	1.9718 uA   	100.0             

.    RFpower=28            87.50% 23/27
0.0 	260.398 mA  	100.0             
0.1 	39.2251 mA  	100.0             
0.2 	21.2588 mA  	100.0             
0.3 	12.0101 mA  	100.0             
0.4 	6.58736 mA  	100.0             
0.5 	3.65956 mA  	100.0             
0.6 	2.01735 mA  	100.0             
0.7 	1.11753 mA  	100.0             
0.8 	618.086 uA  	100.0             
0.9 	342.551 uA  	100.0             
0.10 	189.824 uA  	100.0             
0.11 	105.283 uA  	100.0             
0.12 	58.4007 uA  	100.0             
0.13 	32.4072 uA  	100.0             
0.14 	17.9848 uA  	100.0             
0.15 	9.98246 uA  	100.0             
0.16 	5.54111 uA  	100.0             
0.17 	3.0759 uA   	100.0             
0.18 	1.70751 uA  	100.0             

.    RFpower=29            90.63% 24/27
0.0 	230.939 mA  	100.0             
0.1 	43.2974 mA  	100.0             
0.2 	19.6184 mA  	100.0             
0.3 	10.6237 mA  	100.0             
0.4 	5.67098 mA  	100.0             
0.5 	3.08375 mA  	100.0             
0.6 	1.67286 mA  	100.0             
0.7 	913.092 uA  	100.0             
0.8 	498.255 uA  	100.0             
0.9 	272.456 uA  	100.0             
0.10 	148.997 uA  	100.0             
0.11 	81.5412 uA  	100.0             
0.12 	44.6277 uA  	100.0             
0.13 	24.4313 uA  	100.0             
0.14 	13.3754 uA  	100.0             
0.15 	7.32348 uA  	100.0             
0.16 	4.00981 uA  	100.0             
0.17 	2.19558 uA  	100.0             

.    RFpower=30            93.75% 25/27
0.0 	276.003 mA  	100.0             
0.1 	75.9065 mA  	100.0             
0.2 	16.0069 mA  	100.0             
0.3 	7.89741 mA  	100.0             
0.4 	3.82103 mA  	100.0             
0.5 	1.86832 mA  	100.0             
0.6 	911.101 uA  	100.0             
0.7 	445.664 uA  	100.0             
0.8 	217.944 uA  	100.0             
0.9 	106.685 uA  	100.0             
0.10 	52.2285 uA  	100.0             
0.11 	25.578 uA   	100.0             
0.12 	12.5275 uA  	100.0             
0.13 	6.13656 uA  	100.0             
0.14 	3.00613 uA  	100.0             

.    RFpower=31            96.88% 26/27
0.0 	228.797 mA  	100.0             
0.1 	38.5037 mA  	100.0             
0.2 	7.97585 mA  	100.0             
0.3 	3.1907 mA   	100.0             
0.4 	1.26167 mA  	100.0             
0.5 	500.3 uA    	100.0             
0.6 	198.01 uA   	100.0             
0.7 	78.3818 uA  	100.0             
0.8 	31.013 uA   	100.0             
0.9 	12.2698 uA  	100.0             
0.10 	4.85363 uA  	100.0             
0.11 	1.91984 uA  	100.0             

.    RFpower=32           100.00% 27/27
0.0 	307.433 mA  	100.0             
0.1 	60.1729 mA  	100.0             
0.2 	15.9703 mA  	100.0             
0.3 	3.7475 mA   	100.0             
0.4 	1.65916 mA  	100.0             
0.5 	518.983 uA  	100.0             
0.6 	154.567 uA  	100.0             
0.7 	63.6723 uA  	100.0             
0.8 	20.5562 uA  	100.0             
0.9 	7.50049 uA  	100.0             
0.10 	3.2884 uA   	100.0             

.An HB truncation error may be present.
o The HB truncation error is due to using a finite order 
  (number of harmonics) in the representation of the
  circuit signals.

Waveform                Trunc error             Tolerance
---------------------------------------------------------
I__1.X1._net415         6.278e-02       >       1.818e-05
I__1.X1.X2._net502      6.278e-02       >       1.818e-05
I__1.X1.X2.vg1          5.456e-03       >       3.642e-06
I__1.X1.X2._net642      4.210e-03       >       3.630e-06
I__1.X1.X2._net660      4.202e-03       >       3.630e-06

o Number of waveforms violating the HB truncation error check:
        9 out of 11 waveforms.
o Estimated max HB truncation error: 6.278e-02 @ waveform I__1.X1._net415 .
o The maximal HB truncation error estimate is greater than the 
  achieved tolerance of 1.818e-05 for this waveform.
o A time-domain plot of the I__1.N__2 waveform may show the error as 
  Gibbs ripples.
o To reduce the error, increase the order (number of harmonics) 
  and re-simulate.

Resource usage:
  Total stopwatch time     =     3.20 seconds.

